This is pdfTeX, Version 3.14159265-2.6-1.40.20 (MiKTeX 2.9.7140 64-bit) (preloaded format=pdflatex 2019.10.7)  7 OCT 2019 14:12
entering extended mode
**C:/temp/a.tex
(C:/temp/a.tex
LaTeX2e <2018-12-01>

("C:\Users\engin\AppData\Local\Programs\MiKTeX 2.9\tex/latex/koma-script\scrart
cl.cls"
Document Class: scrartcl 2019/02/01 v3.26b KOMA-Script document class (article)


("C:\Users\engin\AppData\Local\Programs\MiKTeX 2.9\tex/latex/koma-script\scrkba
se.sty"
Package: scrkbase 2019/02/01 v3.26b KOMA-Script package (KOMA-Script-dependent 
basics and keyval usage)

("C:\Users\engin\AppData\Local\Programs\MiKTeX 2.9\tex/latex/koma-script\scrbas
e.sty"
Package: scrbase 2019/02/01 v3.26b KOMA-Script package (KOMA-Script-independent
 basics and keyval usage)

("C:\Users\engin\AppData\Local\Programs\MiKTeX 2.9\tex/latex/graphics\keyval.st
y"
Package: keyval 2014/10/28 v1.15 key=value parser (DPC)
\KV@toks@=\toks14
)
("C:\Users\engin\AppData\Local\Programs\MiKTeX 2.9\tex/latex/koma-script\scrlfi
le.sty"
Package: scrlfile 2019/02/01 v3.26b KOMA-Script package (loading files)
)))
("C:\Users\engin\AppData\Local\Programs\MiKTeX 2.9\tex/latex/koma-script\tocbas
ic.sty"
Package: tocbasic 2019/02/01 v3.26b KOMA-Script package (handling toc-files)
\scr@dte@tocline@numberwidth=\skip41
\scr@dte@tocline@numbox=\box27
)
Package tocbasic Info: omitting babel extension for `toc'
(tocbasic)             because of feature `nobabel' available
(tocbasic)             for `toc' on input line 134.
Class scrartcl Info: File `scrsize11pt.clo' used instead of
(scrartcl)           file `scrsize11.clo' to setup font sizes on input line 216
2.

("C:\Users\engin\AppData\Local\Programs\MiKTeX 2.9\tex/latex/koma-script\scrsiz
e11pt.clo"
File: scrsize11pt.clo 2019/02/01 v3.26b KOMA-Script font size class option (11p
t)
)
("C:\Users\engin\AppData\Local\Programs\MiKTeX 2.9\tex/latex/koma-script\typear
ea.sty"
Package: typearea 2019/02/01 v3.26b KOMA-Script package (type area)
\ta@bcor=\skip42
\ta@div=\count80
\ta@hblk=\skip43
\ta@vblk=\skip44
\ta@temp=\skip45
\footheight=\skip46
Package typearea Info: These are the values describing the layout:
(typearea)             DIV  = 10
(typearea)             BCOR = 0.0pt
(typearea)             \paperwidth      = 597.50793pt
(typearea)              \textwidth      = 418.25555pt
(typearea)              DIV departure   = -6%
(typearea)              \evensidemargin = 17.3562pt
(typearea)              \oddsidemargin  = 17.3562pt
(typearea)             \paperheight     = 845.04694pt
(typearea)              \textheight     = 595.80026pt
(typearea)              \topmargin      = -25.16531pt
(typearea)              \headheight     = 17.0pt
(typearea)              \headsep        = 20.40001pt
(typearea)              \topskip        = 11.0pt
(typearea)              \footskip       = 47.6pt
(typearea)              \baselineskip   = 13.6pt
(typearea)              on input line 1715.
)
\c@part=\count81
\c@section=\count82
\c@subsection=\count83
\c@subsubsection=\count84
\c@paragraph=\count85
\c@subparagraph=\count86
\scr@dte@section@maxnumwidth=\skip47
Class scrartcl Info: using compatibility default `runin=bysign'
(scrartcl)           for `\section on input line 4489.
Class scrartcl Info: using compatibility default `afterindent=bysign'
(scrartcl)           for `\section on input line 4489.
\scr@dte@part@maxnumwidth=\skip48
Class scrartcl Info: using compatibility default `afterindent=false'
(scrartcl)           for `\part on input line 4497.
\scr@dte@subsection@maxnumwidth=\skip49
Class scrartcl Info: using compatibility default `runin=bysign'
(scrartcl)           for `\subsection on input line 4507.
Class scrartcl Info: using compatibility default `afterindent=bysign'
(scrartcl)           for `\subsection on input line 4507.
\scr@dte@subsubsection@maxnumwidth=\skip50
Class scrartcl Info: using compatibility default `runin=bysign'
(scrartcl)           for `\subsubsection on input line 4517.
Class scrartcl Info: using compatibility default `afterindent=bysign'
(scrartcl)           for `\subsubsection on input line 4517.
\scr@dte@paragraph@maxnumwidth=\skip51
Class scrartcl Info: using compatibility default `runin=bysign'
(scrartcl)           for `\paragraph on input line 4527.
Class scrartcl Info: using compatibility default `afterindent=bysign'
(scrartcl)           for `\paragraph on input line 4527.
\scr@dte@subparagraph@maxnumwidth=\skip52
Class scrartcl Info: using compatibility default `runin=bysign'
(scrartcl)           for `\subparagraph on input line 4537.
Class scrartcl Info: using compatibility default `afterindent=bysign'
(scrartcl)           for `\subparagraph on input line 4537.
\abovecaptionskip=\skip53
\belowcaptionskip=\skip54
\c@pti@nb@sid@b@x=\box28
Package tocbasic Info: omitting babel extension for `lof'
(tocbasic)             because of feature `nobabel' available
(tocbasic)             for `lof' on input line 5781.
\scr@dte@figure@maxnumwidth=\skip55
\c@figure=\count87
Package tocbasic Info: omitting babel extension for `lot'
(tocbasic)             because of feature `nobabel' available
(tocbasic)             for `lot' on input line 5793.
\scr@dte@table@maxnumwidth=\skip56
\c@table=\count88
Class scrartcl Info: Redefining `\numberline' on input line 5957.
\bibindent=\dimen102
)
("C:\Users\engin\AppData\Local\Programs\MiKTeX 2.9\tex/latex/psnfss\courier.sty
"
Package: courier 2005/04/12 PSNFSS-v9.2a (WaS) 
)
No file a.aux.
\openout1 = `a.aux'.

LaTeX Font Info:    Checking defaults for OML/cmm/m/it on input line 7.
LaTeX Font Info:    ... okay on input line 7.
LaTeX Font Info:    Checking defaults for T1/cmr/m/n on input line 7.
LaTeX Font Info:    ... okay on input line 7.
LaTeX Font Info:    Checking defaults for OT1/cmr/m/n on input line 7.
LaTeX Font Info:    ... okay on input line 7.
LaTeX Font Info:    Checking defaults for OMS/cmsy/m/n on input line 7.
LaTeX Font Info:    ... okay on input line 7.
LaTeX Font Info:    Checking defaults for OMX/cmex/m/n on input line 7.
LaTeX Font Info:    ... okay on input line 7.
LaTeX Font Info:    Checking defaults for U/cmr/m/n on input line 7.
LaTeX Font Info:    ... okay on input line 7.
LaTeX Font Info:    External font `cmex10' loaded for size
(Font)              <14.4> on input line 9.
LaTeX Font Info:    External font `cmex10' loaded for size
(Font)              <7> on input line 9.
LaTeX Font Info:    Try loading font information for OT1+pcr on input line 91.
("C:\Users\engin\AppData\Local\Programs\MiKTeX 2.9\tex/latex/psnfss\ot1pcr.fd"
File: ot1pcr.fd 2001/06/04 font definitions for OT1/pcr.
)
LaTeX Font Info:    Font shape `OT1/pcr/bx/n' in size <10.95> not available
(Font)              Font shape `OT1/pcr/b/n' tried instead on input line 91.

Underfull \hbox (badness 10000) in paragraph at lines 91--92

 []


Underfull \hbox (badness 10000) in paragraph at lines 91--92

 []


Underfull \hbox (badness 10000) in paragraph at lines 91--92

 []


Underfull \hbox (badness 10000) in paragraph at lines 91--92

 []


Overfull \hbox (113.91386pt too wide) in paragraph at lines 91--92
| \OT1/pcr/b/n/10.95 Bb                Em7/A        A7          D     D+     Gm
aj7        A7 
 []


Underfull \hbox (badness 10000) in paragraph at lines 91--92

 []


Underfull \hbox (badness 10000) in paragraph at lines 91--92

 []


Overfull \hbox (41.64395pt too wide) in paragraph at lines 91--92
| \OT1/pcr/b/n/10.95 Bb                Em7/A         A7          D    G    G   
 D 
 []


Underfull \hbox (badness 10000) in paragraph at lines 91--92

 []


Underfull \hbox (badness 10000) in paragraph at lines 91--92

 []


Overfull \hbox (8.79399pt too wide) in paragraph at lines 91--92
| \OT1/pcr/b/n/10.95 Bm                F# m                Bm           F# m 
 []


Underfull \hbox (badness 10000) in paragraph at lines 91--92

 []


Underfull \hbox (badness 10000) in paragraph at lines 91--92

 []


Overfull \hbox (87.6339pt too wide) in paragraph at lines 91--92
| \OT1/pcr/b/n/10.95 Bb                Em7/A         A7          D    F# m7b5  
       B7 
 []


Overfull \hbox (35.07396pt too wide) in paragraph at lines 91--92
| \OT1/pcr/b/n/10.95 Em7                Em7/A        A7b9          D     G6    
D 
 []


Underfull \hbox (badness 10000) in paragraph at lines 91--92

 []


Underfull \hbox (badness 10000) in paragraph at lines 91--92

 []


Underfull \hbox (badness 10000) in paragraph at lines 91--92

 []


Underfull \hbox (badness 10000) in paragraph at lines 91--92

 []


Underfull \hbox (badness 10000) in paragraph at lines 91--92

 []


Underfull \hbox (badness 10000) in paragraph at lines 91--92

 []

[1


{C:/Users/engin/AppData/Local/MiKTeX/2.9/pdftex/config/pdftex.map}] [2]
[3] (a.aux) ) 
Here is how much of TeX's memory you used:
 2321 strings out of 492895
 46109 string characters out of 3123735
 229719 words of memory out of 3000000
 6286 multiletter control sequences out of 15000+200000
 7070 words of font info for 26 fonts, out of 3000000 for 9000
 1141 hyphenation exceptions out of 8191
 41i,6n,51p,9108b,209s stack positions out of 5000i,500n,10000p,200000b,50000s
{C:/Users/engin/AppData/Local/Programs/MiKTeX 2.9/fonts/enc/dvips/
base/8r.enc}<C:/Users/engin/AppData/Local/Programs/MiKTeX 2.9/fonts/type1/publi
c/amsfonts/cm/cmr10.pfb><C:/Users/engin/AppData/Local/Programs/MiKTeX 2.9/fonts
/type1/public/amsfonts/cm/cmr12.pfb><C:/Users/engin/AppData/Local/Programs/MiKT
eX 2.9/fonts/type1/public/amsfonts/cm/cmssbx10.pfb><C:/Users/engin/AppData/Loca
l/Programs/MiKTeX 2.9/fonts/type1/urw/courier/ucrb8a.pfb><C:/Users/engin/AppDat
a/Local/Programs/MiKTeX 2.9/fonts/type1/urw/courier/ucrr8a.pfb>
Output written on a.pdf (3 pages, 59311 bytes).
PDF statistics:
 33 PDF objects out of 1000 (max. 8388607)
 0 named destinations out of 1000 (max. 500000)
 1 words of extra memory for PDF output out of 10000 (max. 10000000)

